<?xml version="1.0" encoding="UTF-8"?>
<!-- Generated by org.testng.reporters.JUnitReportReporter -->
<testsuite hostname="58deMacBook-Pro.local" name="com.wuba.device.DeviceManagerTest" tests="2" failures="0" timestamp="27 Aug 2015 09:00:42 GMT" time="200.029" errors="0">
  <testcase name="deviceStateTest" time="0.001" classname="com.wuba.device.DeviceManagerTest"/>
  <testcase name="allocateDeviceBySn" time="200.028" classname="com.wuba.device.DeviceManagerTest"/>
</testsuite> <!-- com.wuba.device.DeviceManagerTest -->
